[debug] [2025-10-25T16:28:09.091Z] ----------------------------------------------------------------------
[debug] [2025-10-25T16:28:09.097Z] Command:       /Users/sophiageorgieva/.nvm/versions/node/v22.21.0/bin/node /Users/sophiageorgieva/.npm-global/bin/firebase emulators:start --only functions,firestore,auth
[debug] [2025-10-25T16:28:09.097Z] CLI Version:   14.22.0
[debug] [2025-10-25T16:28:09.098Z] Platform:      darwin
[debug] [2025-10-25T16:28:09.098Z] Node Version:  v22.21.0
[debug] [2025-10-25T16:28:09.098Z] Time:          Sat Oct 25 2025 12:28:09 GMT-0400 (Eastern Daylight Time)
[debug] [2025-10-25T16:28:09.099Z] ----------------------------------------------------------------------
[debug] 
[debug] [2025-10-25T16:28:09.470Z] > command requires scopes: ["email","openid","https://www.googleapis.com/auth/cloudplatformprojects.readonly","https://www.googleapis.com/auth/firebase","https://www.googleapis.com/auth/cloud-platform"]
[debug] [2025-10-25T16:28:09.470Z] > authorizing via signed-in user (sophiapgeo@gmail.com)
[debug] [2025-10-25T16:28:10.305Z] java version "18.0.2.1" 2022-08-18

[debug] [2025-10-25T16:28:10.306Z] Java(TM) SE Runtime Environment (build 18.0.2.1+1-1)
Java HotSpot(TM) 64-Bit Server VM (build 18.0.2.1+1-1, mixed mode, sharing)

[debug] [2025-10-25T16:28:10.317Z] Parsed Java major version: 18
[warn] ⬢  emulators: firebase-tools will drop support for Java version < 21 soon in firebase-tools@15. Please install a JDK at version 21 or above to get a compatible runtime. 
[info] i  emulators: Starting emulators: auth, functions, firestore {"metadata":{"emulator":{"name":"hub"},"message":"Starting emulators: auth, functions, firestore"}}
[debug] [2025-10-25T16:28:12.045Z] [logging] Logging Emulator only supports listening on one address (127.0.0.1). Not listening on ::1
[debug] [2025-10-25T16:28:12.045Z] [auth] Authentication Emulator only supports listening on one address (127.0.0.1). Not listening on ::1
[debug] [2025-10-25T16:28:12.045Z] [firestore] Firestore Emulator only supports listening on one address (127.0.0.1). Not listening on ::1
[debug] [2025-10-25T16:28:12.046Z] [firestore.websocket] websocket server for firestore only supports listening on one address (127.0.0.1). Not listening on ::1
[debug] [2025-10-25T16:28:12.046Z] assigned listening specs for emulators {"user":{"hub":[{"address":"127.0.0.1","family":"IPv4","port":4400},{"address":"::1","family":"IPv6","port":4400}],"ui":[{"address":"127.0.0.1","family":"IPv4","port":4000},{"address":"::1","family":"IPv6","port":4000}],"logging":[{"address":"127.0.0.1","family":"IPv4","port":4500}],"auth":[{"address":"127.0.0.1","family":"IPv4","port":9099}],"firestore":[{"address":"127.0.0.1","family":"IPv4","port":8080}],"firestore.websocket":[{"address":"127.0.0.1","family":"IPv4","port":9150}]},"metadata":{"message":"assigned listening specs for emulators"}}
[debug] [2025-10-25T16:28:12.052Z] Emulator locator file path: /var/folders/pw/w1v82whn4534qhjxbf0ky41m0000gn/T/hub-shuubox-cba9b.json
[debug] [2025-10-25T16:28:12.052Z] [hub] writing locator at /var/folders/pw/w1v82whn4534qhjxbf0ky41m0000gn/T/hub-shuubox-cba9b.json
[debug] [2025-10-25T16:28:13.012Z] [functions] Functions Emulator only supports listening on one address (127.0.0.1). Not listening on ::1
[debug] [2025-10-25T16:28:13.013Z] [eventarc] Eventarc Emulator only supports listening on one address (127.0.0.1). Not listening on ::1
[debug] [2025-10-25T16:28:13.013Z] [tasks] Cloud Tasks Emulator only supports listening on one address (127.0.0.1). Not listening on ::1
[debug] [2025-10-25T16:28:13.013Z] late-assigned ports for functions and eventarc emulators {"user":{"hub":[{"address":"127.0.0.1","family":"IPv4","port":4400},{"address":"::1","family":"IPv6","port":4400}],"ui":[{"address":"127.0.0.1","family":"IPv4","port":4000},{"address":"::1","family":"IPv6","port":4000}],"logging":[{"address":"127.0.0.1","family":"IPv4","port":4500}],"auth":[{"address":"127.0.0.1","family":"IPv4","port":9099}],"firestore":[{"address":"127.0.0.1","family":"IPv4","port":8080}],"firestore.websocket":[{"address":"127.0.0.1","family":"IPv4","port":9150}],"functions":[{"address":"127.0.0.1","family":"IPv4","port":5001}],"eventarc":[{"address":"127.0.0.1","family":"IPv4","port":9299}],"tasks":[{"address":"127.0.0.1","family":"IPv4","port":9499}]},"metadata":{"message":"late-assigned ports for functions and eventarc emulators"}}
[warn] ⚠  functions: The following emulators are not running, calls to these services from the Functions emulator will affect production: apphosting, database, hosting, pubsub, storage, dataconnect {"metadata":{"emulator":{"name":"functions"},"message":"The following emulators are not running, calls to these services from the Functions emulator will affect production: \u001b[1mapphosting, database, hosting, pubsub, storage, dataconnect\u001b[22m"}}
[debug] [2025-10-25T16:28:13.033Z] defaultcredentials: writing to file /Users/sophiageorgieva/.config/firebase/sophiapgeo_gmail_com_application_default_credentials.json
[debug] [2025-10-25T16:28:13.040Z] Setting GAC to /Users/sophiageorgieva/.config/firebase/sophiapgeo_gmail_com_application_default_credentials.json {"metadata":{"emulator":{"name":"functions"},"message":"Setting GAC to /Users/sophiageorgieva/.config/firebase/sophiapgeo_gmail_com_application_default_credentials.json"}}
[debug] [2025-10-25T16:28:13.041Z] Checked if tokens are valid: true, expires at: 1761413245873
[debug] [2025-10-25T16:28:13.041Z] Checked if tokens are valid: true, expires at: 1761413245873
[debug] [2025-10-25T16:28:13.044Z] >>> [apiv2][query] GET https://firebase.googleapis.com/v1beta1/projects/shuubox-cba9b/adminSdkConfig [none]
[debug] [2025-10-25T16:28:13.320Z] <<< [apiv2][status] GET https://firebase.googleapis.com/v1beta1/projects/shuubox-cba9b/adminSdkConfig 200
[debug] [2025-10-25T16:28:13.320Z] <<< [apiv2][body] GET https://firebase.googleapis.com/v1beta1/projects/shuubox-cba9b/adminSdkConfig {"projectId":"shuubox-cba9b","storageBucket":"shuubox-cba9b.firebasestorage.app"}
[info] i  firestore: downloading cloud-firestore-emulator-v1.19.8.jar... {"metadata":{"emulator":{"name":"firestore"},"message":"downloading cloud-firestore-emulator-v1.19.8.jar..."}}
[debug] [2025-10-25T16:28:13.368Z] >>> [apiv2][query] GET https://storage.googleapis.com/firebase-preview-drop/emulator/cloud-firestore-emulator-v1.19.8.jar 
[debug] [2025-10-25T16:28:13.502Z] <<< [apiv2][status] GET https://storage.googleapis.com/firebase-preview-drop/emulator/cloud-firestore-emulator-v1.19.8.jar 200
[debug] [2025-10-25T16:28:13.503Z] <<< [apiv2][body] GET https://storage.googleapis.com/firebase-preview-drop/emulator/cloud-firestore-emulator-v1.19.8.jar [stream]
[debug] [2025-10-25T16:28:17.138Z] Ignoring unsupported arg: auto_download {"metadata":{"emulator":{"name":"firestore"},"message":"Ignoring unsupported arg: auto_download"}}
[debug] [2025-10-25T16:28:17.138Z] Ignoring unsupported arg: single_project_mode_error {"metadata":{"emulator":{"name":"firestore"},"message":"Ignoring unsupported arg: single_project_mode_error"}}
[debug] [2025-10-25T16:28:17.138Z] Starting Firestore Emulator with command {"binary":"java","args":["-Dgoogle.cloud_firestore.debug_log_level=FINE","-Duser.language=en","-jar","/Users/sophiageorgieva/.cache/firebase/emulators/cloud-firestore-emulator-v1.19.8.jar","--host","127.0.0.1","--port",8080,"--websocket_port",9150,"--project_id","shuubox-cba9b","--rules","/Users/sophiageorgieva/Desktop/knight hacks/KH8/shuubox/firestore.rules","--single_project_mode",true,"--functions_emulator","127.0.0.1:5001"],"optionalArgs":["port","webchannel_port","host","rules","websocket_port","functions_emulator","seed_from_export","project_id","single_project_mode"],"joinArgs":false,"shell":false,"port":8080} {"metadata":{"emulator":{"name":"firestore"},"message":"Starting Firestore Emulator with command {\"binary\":\"java\",\"args\":[\"-Dgoogle.cloud_firestore.debug_log_level=FINE\",\"-Duser.language=en\",\"-jar\",\"/Users/sophiageorgieva/.cache/firebase/emulators/cloud-firestore-emulator-v1.19.8.jar\",\"--host\",\"127.0.0.1\",\"--port\",8080,\"--websocket_port\",9150,\"--project_id\",\"shuubox-cba9b\",\"--rules\",\"/Users/sophiageorgieva/Desktop/knight hacks/KH8/shuubox/firestore.rules\",\"--single_project_mode\",true,\"--functions_emulator\",\"127.0.0.1:5001\"],\"optionalArgs\":[\"port\",\"webchannel_port\",\"host\",\"rules\",\"websocket_port\",\"functions_emulator\",\"seed_from_export\",\"project_id\",\"single_project_mode\"],\"joinArgs\":false,\"shell\":false,\"port\":8080}"}}
[info] i  firestore: Firestore Emulator logging to firestore-debug.log {"metadata":{"emulator":{"name":"firestore"},"message":"Firestore Emulator logging to \u001b[1mfirestore-debug.log\u001b[22m"}}
[debug] [2025-10-25T16:28:18.808Z] Oct 25, 2025 12:28:18 PM com.google.cloud.datastore.emulator.firestore.websocket.WebSocketServer start
INFO: Started WebSocket server on ws://127.0.0.1:9150
 {"metadata":{"emulator":{"name":"firestore"},"message":"Oct 25, 2025 12:28:18 PM com.google.cloud.datastore.emulator.firestore.websocket.WebSocketServer start\nINFO: Started WebSocket server on ws://127.0.0.1:9150\n"}}
[debug] [2025-10-25T16:28:18.837Z] API endpoint: http:// {"metadata":{"emulator":{"name":"firestore"},"message":"API endpoint: http://"}}
[debug] [2025-10-25T16:28:18.838Z] 127.0.0.1:8080
If you are using a library that supports the FIRESTORE_EMULATOR_HOST environment variable, run:

   export FIRESTORE_EMULATOR_HOST=127.0.0.1:8080

If you are running a Firestore in Datastore Mode project, run:

   export DATASTORE_EMULATOR_HOST=127.0.0.1:8080

Note: Support for Datastore Mode is in preview. If you encounter any bugs please file at https://github.com/firebase/firebase-tools/issues.
Dev App Server is now running.

 {"metadata":{"emulator":{"name":"firestore"},"message":"127.0.0.1:8080\nIf you are using a library that supports the FIRESTORE_EMULATOR_HOST environment variable, run:\n\n   export FIRESTORE_EMULATOR_HOST=127.0.0.1:8080\n\nIf you are running a Firestore in Datastore Mode project, run:\n\n   export DATASTORE_EMULATOR_HOST=127.0.0.1:8080\n\nNote: Support for Datastore Mode is in preview. If you encounter any bugs please file at https://github.com/firebase/firebase-tools/issues.\nDev App Server is now running.\n\n"}}
[info] ✔  firestore: Firestore Emulator UI websocket is running on 9150. {"metadata":{"emulator":{"name":"firestore"},"message":"Firestore Emulator UI websocket is running on 9150."}}
[info] i  ui: downloading ui-v1.15.0.zip... {"metadata":{"emulator":{"name":"ui"},"message":"downloading ui-v1.15.0.zip..."}}
[debug] [2025-10-25T16:28:26.909Z] >>> [apiv2][query] GET https://storage.googleapis.com/firebase-preview-drop/emulator/ui-v1.15.0.zip 
[debug] [2025-10-25T16:28:27.042Z] <<< [apiv2][status] GET https://storage.googleapis.com/firebase-preview-drop/emulator/ui-v1.15.0.zip 200
[debug] [2025-10-25T16:28:27.042Z] <<< [apiv2][body] GET https://storage.googleapis.com/firebase-preview-drop/emulator/ui-v1.15.0.zip [stream]
[debug] [2025-10-25T16:28:27.306Z] Data is 3538469
[debug] [2025-10-25T16:28:27.307Z] [unzip] Entry: client/ (compressed_size=0 bytes, uncompressed_size=0 bytes)
[debug] [2025-10-25T16:28:27.307Z] [unzip] Processing entry: client/
[debug] [2025-10-25T16:28:27.307Z] [unzip] mkdir: /Users/sophiageorgieva/.cache/firebase/emulators/ui-v1.15.0/client/
[debug] [2025-10-25T16:28:27.308Z] [unzip] Entry: client/favicon-16x16.png (compressed_size=293 bytes, uncompressed_size=293 bytes)
[debug] [2025-10-25T16:28:27.308Z] [unzip] Processing entry: client/favicon-16x16.png
[debug] [2025-10-25T16:28:27.308Z] [unzip] else mkdir: /Users/sophiageorgieva/.cache/firebase/emulators/ui-v1.15.0/client
[debug] [2025-10-25T16:28:27.308Z] [unzip] Writing file: /Users/sophiageorgieva/.cache/firebase/emulators/ui-v1.15.0/client/favicon-16x16.png
[debug] [2025-10-25T16:28:27.309Z] [unzip] Entry: client/safari-pinned-tab.svg (compressed_size=1433 bytes, uncompressed_size=2611 bytes)
[debug] [2025-10-25T16:28:27.309Z] [unzip] Processing entry: client/safari-pinned-tab.svg
[debug] [2025-10-25T16:28:27.309Z] [unzip] else mkdir: /Users/sophiageorgieva/.cache/firebase/emulators/ui-v1.15.0/client
[debug] [2025-10-25T16:28:27.309Z] [unzip] deflating: /Users/sophiageorgieva/.cache/firebase/emulators/ui-v1.15.0/client/safari-pinned-tab.svg
[debug] [2025-10-25T16:28:27.316Z] [unzip] Entry: client/favicon.ico (compressed_size=2933 bytes, uncompressed_size=13294 bytes)
[debug] [2025-10-25T16:28:27.316Z] [unzip] Processing entry: client/favicon.ico
[debug] [2025-10-25T16:28:27.316Z] [unzip] else mkdir: /Users/sophiageorgieva/.cache/firebase/emulators/ui-v1.15.0/client
[debug] [2025-10-25T16:28:27.317Z] [unzip] deflating: /Users/sophiageorgieva/.cache/firebase/emulators/ui-v1.15.0/client/favicon.ico
[debug] [2025-10-25T16:28:27.319Z] [unzip] Entry: client/index.html (compressed_size=1364 bytes, uncompressed_size=3071 bytes)
[debug] [2025-10-25T16:28:27.319Z] [unzip] Processing entry: client/index.html
[debug] [2025-10-25T16:28:27.319Z] [unzip] else mkdir: /Users/sophiageorgieva/.cache/firebase/emulators/ui-v1.15.0/client
[debug] [2025-10-25T16:28:27.319Z] [unzip] deflating: /Users/sophiageorgieva/.cache/firebase/emulators/ui-v1.15.0/client/index.html
[debug] [2025-10-25T16:28:27.320Z] [unzip] Entry: client/android-chrome-192x192.png (compressed_size=2684 bytes, uncompressed_size=2684 bytes)
[debug] [2025-10-25T16:28:27.320Z] [unzip] Processing entry: client/android-chrome-192x192.png
[debug] [2025-10-25T16:28:27.320Z] [unzip] else mkdir: /Users/sophiageorgieva/.cache/firebase/emulators/ui-v1.15.0/client
[debug] [2025-10-25T16:28:27.321Z] [unzip] Writing file: /Users/sophiageorgieva/.cache/firebase/emulators/ui-v1.15.0/client/android-chrome-192x192.png
[debug] [2025-10-25T16:28:27.321Z] [unzip] Entry: client/apple-touch-icon.png (compressed_size=2123 bytes, uncompressed_size=2152 bytes)
[debug] [2025-10-25T16:28:27.321Z] [unzip] Processing entry: client/apple-touch-icon.png
[debug] [2025-10-25T16:28:27.321Z] [unzip] else mkdir: /Users/sophiageorgieva/.cache/firebase/emulators/ui-v1.15.0/client
[debug] [2025-10-25T16:28:27.321Z] [unzip] deflating: /Users/sophiageorgieva/.cache/firebase/emulators/ui-v1.15.0/client/apple-touch-icon.png
[debug] [2025-10-25T16:28:27.323Z] [unzip] Entry: client/android-chrome-512x512.png (compressed_size=5369 bytes, uncompressed_size=5411 bytes)
[debug] [2025-10-25T16:28:27.323Z] [unzip] Processing entry: client/android-chrome-512x512.png
[debug] [2025-10-25T16:28:27.323Z] [unzip] else mkdir: /Users/sophiageorgieva/.cache/firebase/emulators/ui-v1.15.0/client
[debug] [2025-10-25T16:28:27.323Z] [unzip] deflating: /Users/sophiageorgieva/.cache/firebase/emulators/ui-v1.15.0/client/android-chrome-512x512.png
[debug] [2025-10-25T16:28:27.325Z] [unzip] Entry: client/manifest.json (compressed_size=245 bytes, uncompressed_size=551 bytes)
[debug] [2025-10-25T16:28:27.325Z] [unzip] Processing entry: client/manifest.json
[debug] [2025-10-25T16:28:27.325Z] [unzip] else mkdir: /Users/sophiageorgieva/.cache/firebase/emulators/ui-v1.15.0/client
[debug] [2025-10-25T16:28:27.325Z] [unzip] deflating: /Users/sophiageorgieva/.cache/firebase/emulators/ui-v1.15.0/client/manifest.json
[debug] [2025-10-25T16:28:27.326Z] [unzip] Entry: client/robots.txt (compressed_size=26 bytes, uncompressed_size=26 bytes)
[debug] [2025-10-25T16:28:27.326Z] [unzip] Processing entry: client/robots.txt
[debug] [2025-10-25T16:28:27.326Z] [unzip] else mkdir: /Users/sophiageorgieva/.cache/firebase/emulators/ui-v1.15.0/client
[debug] [2025-10-25T16:28:27.326Z] [unzip] Writing file: /Users/sophiageorgieva/.cache/firebase/emulators/ui-v1.15.0/client/robots.txt
[debug] [2025-10-25T16:28:27.327Z] [unzip] Entry: client/mstile-150x150.png (compressed_size=2034 bytes, uncompressed_size=2034 bytes)
[debug] [2025-10-25T16:28:27.327Z] [unzip] Processing entry: client/mstile-150x150.png
[debug] [2025-10-25T16:28:27.327Z] [unzip] else mkdir: /Users/sophiageorgieva/.cache/firebase/emulators/ui-v1.15.0/client
[debug] [2025-10-25T16:28:27.327Z] [unzip] Writing file: /Users/sophiageorgieva/.cache/firebase/emulators/ui-v1.15.0/client/mstile-150x150.png
[debug] [2025-10-25T16:28:27.328Z] [unzip] Entry: client/assets/ (compressed_size=0 bytes, uncompressed_size=0 bytes)
[debug] [2025-10-25T16:28:27.328Z] [unzip] Processing entry: client/assets/
[debug] [2025-10-25T16:28:27.328Z] [unzip] mkdir: /Users/sophiageorgieva/.cache/firebase/emulators/ui-v1.15.0/client/assets/
[debug] [2025-10-25T16:28:27.328Z] [unzip] Entry: client/assets/index-BX-A56oj.js (compressed_size=582089 bytes, uncompressed_size=2092775 bytes)
[debug] [2025-10-25T16:28:27.328Z] [unzip] Processing entry: client/assets/index-BX-A56oj.js
[debug] [2025-10-25T16:28:27.328Z] [unzip] else mkdir: /Users/sophiageorgieva/.cache/firebase/emulators/ui-v1.15.0/client/assets
[debug] [2025-10-25T16:28:27.328Z] [unzip] deflating: /Users/sophiageorgieva/.cache/firebase/emulators/ui-v1.15.0/client/assets/index-BX-A56oj.js
[debug] [2025-10-25T16:28:27.343Z] [unzip] Entry: client/assets/index-CjB9C900.css (compressed_size=35979 bytes, uncompressed_size=298654 bytes)
[debug] [2025-10-25T16:28:27.343Z] [unzip] Processing entry: client/assets/index-CjB9C900.css
[debug] [2025-10-25T16:28:27.343Z] [unzip] else mkdir: /Users/sophiageorgieva/.cache/firebase/emulators/ui-v1.15.0/client/assets
[debug] [2025-10-25T16:28:27.343Z] [unzip] deflating: /Users/sophiageorgieva/.cache/firebase/emulators/ui-v1.15.0/client/assets/index-CjB9C900.css
[debug] [2025-10-25T16:28:27.346Z] [unzip] Entry: client/assets/index-BX-A56oj.js.map (compressed_size=2362482 bytes, uncompressed_size=10036679 bytes)
[debug] [2025-10-25T16:28:27.346Z] [unzip] Processing entry: client/assets/index-BX-A56oj.js.map
[debug] [2025-10-25T16:28:27.346Z] [unzip] else mkdir: /Users/sophiageorgieva/.cache/firebase/emulators/ui-v1.15.0/client/assets
[debug] [2025-10-25T16:28:27.346Z] [unzip] deflating: /Users/sophiageorgieva/.cache/firebase/emulators/ui-v1.15.0/client/assets/index-BX-A56oj.js.map
[debug] [2025-10-25T16:28:27.402Z] [unzip] Entry: client/assets/extensions/ (compressed_size=0 bytes, uncompressed_size=0 bytes)
[debug] [2025-10-25T16:28:27.402Z] [unzip] Processing entry: client/assets/extensions/
[debug] [2025-10-25T16:28:27.402Z] [unzip] mkdir: /Users/sophiageorgieva/.cache/firebase/emulators/ui-v1.15.0/client/assets/extensions/
[debug] [2025-10-25T16:28:27.402Z] [unzip] Entry: client/assets/extensions/default-extension.png (compressed_size=1646 bytes, uncompressed_size=1657 bytes)
[debug] [2025-10-25T16:28:27.402Z] [unzip] Processing entry: client/assets/extensions/default-extension.png
[debug] [2025-10-25T16:28:27.403Z] [unzip] else mkdir: /Users/sophiageorgieva/.cache/firebase/emulators/ui-v1.15.0/client/assets/extensions
[debug] [2025-10-25T16:28:27.403Z] [unzip] deflating: /Users/sophiageorgieva/.cache/firebase/emulators/ui-v1.15.0/client/assets/extensions/default-extension.png
[debug] [2025-10-25T16:28:27.404Z] [unzip] Entry: client/assets/img/ (compressed_size=0 bytes, uncompressed_size=0 bytes)
[debug] [2025-10-25T16:28:27.404Z] [unzip] Processing entry: client/assets/img/
[debug] [2025-10-25T16:28:27.404Z] [unzip] mkdir: /Users/sophiageorgieva/.cache/firebase/emulators/ui-v1.15.0/client/assets/img/
[debug] [2025-10-25T16:28:27.404Z] [unzip] Entry: client/assets/img/database.png (compressed_size=29449 bytes, uncompressed_size=29988 bytes)
[debug] [2025-10-25T16:28:27.404Z] [unzip] Processing entry: client/assets/img/database.png
[debug] [2025-10-25T16:28:27.404Z] [unzip] else mkdir: /Users/sophiageorgieva/.cache/firebase/emulators/ui-v1.15.0/client/assets/img
[debug] [2025-10-25T16:28:27.404Z] [unzip] deflating: /Users/sophiageorgieva/.cache/firebase/emulators/ui-v1.15.0/client/assets/img/database.png
[debug] [2025-10-25T16:28:27.405Z] [unzip] Entry: client/assets/provider-icons/ (compressed_size=0 bytes, uncompressed_size=0 bytes)
[debug] [2025-10-25T16:28:27.405Z] [unzip] Processing entry: client/assets/provider-icons/
[debug] [2025-10-25T16:28:27.405Z] [unzip] mkdir: /Users/sophiageorgieva/.cache/firebase/emulators/ui-v1.15.0/client/assets/provider-icons/
[debug] [2025-10-25T16:28:27.405Z] [unzip] Entry: client/assets/provider-icons/auth_service_saml.svg (compressed_size=575 bytes, uncompressed_size=1226 bytes)
[debug] [2025-10-25T16:28:27.406Z] [unzip] Processing entry: client/assets/provider-icons/auth_service_saml.svg
[debug] [2025-10-25T16:28:27.406Z] [unzip] else mkdir: /Users/sophiageorgieva/.cache/firebase/emulators/ui-v1.15.0/client/assets/provider-icons
[debug] [2025-10-25T16:28:27.406Z] [unzip] deflating: /Users/sophiageorgieva/.cache/firebase/emulators/ui-v1.15.0/client/assets/provider-icons/auth_service_saml.svg
[debug] [2025-10-25T16:28:27.406Z] [unzip] Entry: client/assets/provider-icons/auth_service_phone.svg (compressed_size=261 bytes, uncompressed_size=414 bytes)
[debug] [2025-10-25T16:28:27.406Z] [unzip] Processing entry: client/assets/provider-icons/auth_service_phone.svg
[debug] [2025-10-25T16:28:27.406Z] [unzip] else mkdir: /Users/sophiageorgieva/.cache/firebase/emulators/ui-v1.15.0/client/assets/provider-icons
[debug] [2025-10-25T16:28:27.407Z] [unzip] deflating: /Users/sophiageorgieva/.cache/firebase/emulators/ui-v1.15.0/client/assets/provider-icons/auth_service_phone.svg
[debug] [2025-10-25T16:28:27.407Z] [unzip] Entry: client/assets/provider-icons/auth_service_facebook.svg (compressed_size=289 bytes, uncompressed_size=457 bytes)
[debug] [2025-10-25T16:28:27.407Z] [unzip] Processing entry: client/assets/provider-icons/auth_service_facebook.svg
[debug] [2025-10-25T16:28:27.407Z] [unzip] else mkdir: /Users/sophiageorgieva/.cache/firebase/emulators/ui-v1.15.0/client/assets/provider-icons
[debug] [2025-10-25T16:28:27.407Z] [unzip] deflating: /Users/sophiageorgieva/.cache/firebase/emulators/ui-v1.15.0/client/assets/provider-icons/auth_service_facebook.svg
[debug] [2025-10-25T16:28:27.408Z] [unzip] Entry: client/assets/provider-icons/auth_service_game_center.svg (compressed_size=991 bytes, uncompressed_size=3921 bytes)
[debug] [2025-10-25T16:28:27.408Z] [unzip] Processing entry: client/assets/provider-icons/auth_service_game_center.svg
[debug] [2025-10-25T16:28:27.408Z] [unzip] else mkdir: /Users/sophiageorgieva/.cache/firebase/emulators/ui-v1.15.0/client/assets/provider-icons
[debug] [2025-10-25T16:28:27.408Z] [unzip] deflating: /Users/sophiageorgieva/.cache/firebase/emulators/ui-v1.15.0/client/assets/provider-icons/auth_service_game_center.svg
[debug] [2025-10-25T16:28:27.409Z] [unzip] Entry: client/assets/provider-icons/auth_service_apple.svg (compressed_size=230 bytes, uncompressed_size=334 bytes)
[debug] [2025-10-25T16:28:27.409Z] [unzip] Processing entry: client/assets/provider-icons/auth_service_apple.svg
[debug] [2025-10-25T16:28:27.409Z] [unzip] else mkdir: /Users/sophiageorgieva/.cache/firebase/emulators/ui-v1.15.0/client/assets/provider-icons
[debug] [2025-10-25T16:28:27.409Z] [unzip] deflating: /Users/sophiageorgieva/.cache/firebase/emulators/ui-v1.15.0/client/assets/provider-icons/auth_service_apple.svg
[debug] [2025-10-25T16:28:27.410Z] [unzip] Entry: client/assets/provider-icons/auth_service_github.svg (compressed_size=466 bytes, uncompressed_size=838 bytes)
[debug] [2025-10-25T16:28:27.410Z] [unzip] Processing entry: client/assets/provider-icons/auth_service_github.svg
[debug] [2025-10-25T16:28:27.410Z] [unzip] else mkdir: /Users/sophiageorgieva/.cache/firebase/emulators/ui-v1.15.0/client/assets/provider-icons
[debug] [2025-10-25T16:28:27.411Z] [unzip] deflating: /Users/sophiageorgieva/.cache/firebase/emulators/ui-v1.15.0/client/assets/provider-icons/auth_service_github.svg
[debug] [2025-10-25T16:28:27.412Z] [unzip] Entry: client/assets/provider-icons/auth_service_mslive.svg (compressed_size=203 bytes, uncompressed_size=378 bytes)
[debug] [2025-10-25T16:28:27.412Z] [unzip] Processing entry: client/assets/provider-icons/auth_service_mslive.svg
[debug] [2025-10-25T16:28:27.412Z] [unzip] else mkdir: /Users/sophiageorgieva/.cache/firebase/emulators/ui-v1.15.0/client/assets/provider-icons
[debug] [2025-10-25T16:28:27.412Z] [unzip] deflating: /Users/sophiageorgieva/.cache/firebase/emulators/ui-v1.15.0/client/assets/provider-icons/auth_service_mslive.svg
[debug] [2025-10-25T16:28:27.412Z] [unzip] Entry: client/assets/provider-icons/auth_service_yahoo.svg (compressed_size=577 bytes, uncompressed_size=1182 bytes)
[debug] [2025-10-25T16:28:27.413Z] [unzip] Processing entry: client/assets/provider-icons/auth_service_yahoo.svg
[debug] [2025-10-25T16:28:27.413Z] [unzip] else mkdir: /Users/sophiageorgieva/.cache/firebase/emulators/ui-v1.15.0/client/assets/provider-icons
[debug] [2025-10-25T16:28:27.413Z] [unzip] deflating: /Users/sophiageorgieva/.cache/firebase/emulators/ui-v1.15.0/client/assets/provider-icons/auth_service_yahoo.svg
[debug] [2025-10-25T16:28:27.413Z] [unzip] Entry: client/assets/provider-icons/auth_service_twitter.svg (compressed_size=444 bytes, uncompressed_size=751 bytes)
[debug] [2025-10-25T16:28:27.413Z] [unzip] Processing entry: client/assets/provider-icons/auth_service_twitter.svg
[debug] [2025-10-25T16:28:27.414Z] [unzip] else mkdir: /Users/sophiageorgieva/.cache/firebase/emulators/ui-v1.15.0/client/assets/provider-icons
[debug] [2025-10-25T16:28:27.414Z] [unzip] deflating: /Users/sophiageorgieva/.cache/firebase/emulators/ui-v1.15.0/client/assets/provider-icons/auth_service_twitter.svg
[debug] [2025-10-25T16:28:27.414Z] [unzip] Entry: client/assets/provider-icons/auth_service_play_games.svg (compressed_size=565 bytes, uncompressed_size=1173 bytes)
[debug] [2025-10-25T16:28:27.414Z] [unzip] Processing entry: client/assets/provider-icons/auth_service_play_games.svg
[debug] [2025-10-25T16:28:27.414Z] [unzip] else mkdir: /Users/sophiageorgieva/.cache/firebase/emulators/ui-v1.15.0/client/assets/provider-icons
[debug] [2025-10-25T16:28:27.415Z] [unzip] deflating: /Users/sophiageorgieva/.cache/firebase/emulators/ui-v1.15.0/client/assets/provider-icons/auth_service_play_games.svg
[debug] [2025-10-25T16:28:27.415Z] [unzip] Entry: client/assets/provider-icons/auth_service_email.svg (compressed_size=228 bytes, uncompressed_size=326 bytes)
[debug] [2025-10-25T16:28:27.415Z] [unzip] Processing entry: client/assets/provider-icons/auth_service_email.svg
[debug] [2025-10-25T16:28:27.416Z] [unzip] else mkdir: /Users/sophiageorgieva/.cache/firebase/emulators/ui-v1.15.0/client/assets/provider-icons
[debug] [2025-10-25T16:28:27.416Z] [unzip] deflating: /Users/sophiageorgieva/.cache/firebase/emulators/ui-v1.15.0/client/assets/provider-icons/auth_service_email.svg
[debug] [2025-10-25T16:28:27.417Z] [unzip] Entry: client/assets/provider-icons/auth_service_google.svg (compressed_size=409 bytes, uncompressed_size=720 bytes)
[debug] [2025-10-25T16:28:27.417Z] [unzip] Processing entry: client/assets/provider-icons/auth_service_google.svg
[debug] [2025-10-25T16:28:27.417Z] [unzip] else mkdir: /Users/sophiageorgieva/.cache/firebase/emulators/ui-v1.15.0/client/assets/provider-icons
[debug] [2025-10-25T16:28:27.417Z] [unzip] deflating: /Users/sophiageorgieva/.cache/firebase/emulators/ui-v1.15.0/client/assets/provider-icons/auth_service_google.svg
[debug] [2025-10-25T16:28:27.418Z] [unzip] Entry: client/assets/provider-icons/auth_service_oidc.svg (compressed_size=414 bytes, uncompressed_size=858 bytes)
[debug] [2025-10-25T16:28:27.418Z] [unzip] Processing entry: client/assets/provider-icons/auth_service_oidc.svg
[debug] [2025-10-25T16:28:27.418Z] [unzip] else mkdir: /Users/sophiageorgieva/.cache/firebase/emulators/ui-v1.15.0/client/assets/provider-icons
[debug] [2025-10-25T16:28:27.418Z] [unzip] deflating: /Users/sophiageorgieva/.cache/firebase/emulators/ui-v1.15.0/client/assets/provider-icons/auth_service_oidc.svg
[debug] [2025-10-25T16:28:27.419Z] [unzip] Entry: client/browserconfig.xml (compressed_size=491 bytes, uncompressed_size=822 bytes)
[debug] [2025-10-25T16:28:27.419Z] [unzip] Processing entry: client/browserconfig.xml
[debug] [2025-10-25T16:28:27.419Z] [unzip] else mkdir: /Users/sophiageorgieva/.cache/firebase/emulators/ui-v1.15.0/client
[debug] [2025-10-25T16:28:27.420Z] [unzip] deflating: /Users/sophiageorgieva/.cache/firebase/emulators/ui-v1.15.0/client/browserconfig.xml
[debug] [2025-10-25T16:28:27.420Z] [unzip] Entry: client/favicon-32x32.png (compressed_size=475 bytes, uncompressed_size=475 bytes)
[debug] [2025-10-25T16:28:27.420Z] [unzip] Processing entry: client/favicon-32x32.png
[debug] [2025-10-25T16:28:27.420Z] [unzip] else mkdir: /Users/sophiageorgieva/.cache/firebase/emulators/ui-v1.15.0/client
[debug] [2025-10-25T16:28:27.420Z] [unzip] Writing file: /Users/sophiageorgieva/.cache/firebase/emulators/ui-v1.15.0/client/favicon-32x32.png
[debug] [2025-10-25T16:28:27.421Z] [unzip] Entry: server/ (compressed_size=0 bytes, uncompressed_size=0 bytes)
[debug] [2025-10-25T16:28:27.421Z] [unzip] Processing entry: server/
[debug] [2025-10-25T16:28:27.421Z] [unzip] mkdir: /Users/sophiageorgieva/.cache/firebase/emulators/ui-v1.15.0/server/
[debug] [2025-10-25T16:28:27.421Z] [unzip] Entry: server/server.mjs.map (compressed_size=217845 bytes, uncompressed_size=944978 bytes)
[debug] [2025-10-25T16:28:27.422Z] [unzip] Processing entry: server/server.mjs.map
[debug] [2025-10-25T16:28:27.422Z] [unzip] else mkdir: /Users/sophiageorgieva/.cache/firebase/emulators/ui-v1.15.0/server
[debug] [2025-10-25T16:28:27.422Z] [unzip] deflating: /Users/sophiageorgieva/.cache/firebase/emulators/ui-v1.15.0/server/server.mjs.map
[debug] [2025-10-25T16:28:27.430Z] [unzip] Entry: server/server.mjs (compressed_size=276407 bytes, uncompressed_size=933701 bytes)
[debug] [2025-10-25T16:28:27.430Z] [unzip] Processing entry: server/server.mjs
[debug] [2025-10-25T16:28:27.430Z] [unzip] else mkdir: /Users/sophiageorgieva/.cache/firebase/emulators/ui-v1.15.0/server
[debug] [2025-10-25T16:28:27.431Z] [unzip] deflating: /Users/sophiageorgieva/.cache/firebase/emulators/ui-v1.15.0/server/server.mjs
[info] i  functions: Watching "/Users/sophiageorgieva/Desktop/knight hacks/KH8/shuubox/functions" for Cloud Functions... {"metadata":{"emulator":{"name":"functions"},"message":"Watching \"/Users/sophiageorgieva/Desktop/knight hacks/KH8/shuubox/functions\" for Cloud Functions..."}}
[debug] [2025-10-25T16:28:27.450Z] Validating nodejs source
[debug] [2025-10-25T16:28:29.186Z] > [functions] package.json contents: {
  "name": "functions",
  "scripts": {
    "lint": "eslint --ext .js,.ts .",
    "build": "tsc",
    "build:watch": "tsc --watch",
    "serve": "npm run build && firebase emulators:start --only functions",
    "shell": "npm run build && firebase functions:shell",
    "start": "npm run shell",
    "deploy": "firebase deploy --only functions",
    "logs": "firebase functions:log"
  },
  "engines": {
    "node": "22"
  },
  "main": "lib/index.js",
  "dependencies": {
    "axios": "^1.12.2",
    "cors": "^2.8.5",
    "firebase-admin": "^12.6.0",
    "firebase-functions": "^6.0.1"
  },
  "devDependencies": {
    "@typescript-eslint/eslint-plugin": "^5.12.0",
    "@typescript-eslint/parser": "^5.12.0",
    "eslint": "^8.9.0",
    "eslint-config-google": "^0.14.0",
    "eslint-plugin-import": "^2.25.4",
    "firebase-functions-test": "^3.1.0",
    "typescript": "^5.7.3"
  },
  "private": true
}
[debug] [2025-10-25T16:28:29.187Z] Building nodejs source
[debug] [2025-10-25T16:28:29.187Z] Failed to find version of module node: reached end of search path /Users/sophiageorgieva/Desktop/knight hacks/KH8/shuubox/functions/node_modules
[info] ✔  functions: Using node@22 from host. 
[debug] [2025-10-25T16:28:29.194Z] Could not find functions.yaml. Must use http discovery
[debug] [2025-10-25T16:28:29.210Z] Found firebase-functions binary at '/Users/sophiageorgieva/Desktop/knight hacks/KH8/shuubox/functions/node_modules/.bin/firebase-functions'
[info] Serving at port 8166

[debug] [2025-10-25T16:28:30.753Z] Got response from /__/functions.yaml {"endpoints":{"getDiscordAuthURL":{"availableMemoryMb":null,"timeoutSeconds":null,"minInstances":null,"maxInstances":null,"ingressSettings":null,"concurrency":null,"serviceAccountEmail":null,"vpc":null,"platform":"gcfv2","labels":{},"callableTrigger":{},"entryPoint":"getDiscordAuthURL"},"discordOAuthRedirect":{"availableMemoryMb":null,"timeoutSeconds":null,"minInstances":null,"maxInstances":null,"ingressSettings":null,"concurrency":null,"serviceAccountEmail":null,"vpc":null,"platform":"gcfv2","labels":{},"httpsTrigger":{},"entryPoint":"discordOAuthRedirect"}},"specVersion":"v1alpha1","requiredAPIs":[],"extensions":{}}
[info] ✔  functions: Loaded functions definitions from source: getDiscordAuthURL, discordOAuthRedirect. {"metadata":{"emulator":{"name":"functions"},"message":"Loaded functions definitions from source: getDiscordAuthURL, discordOAuthRedirect."}}
[info] ✔  functions[us-central1-getDiscordAuthURL]: http function initialized (http://127.0.0.1:5001/shuubox-cba9b/us-central1/getDiscordAuthURL). {"metadata":{"emulator":{"name":"functions"},"message":"\u001b[1mhttp\u001b[22m function initialized (http://127.0.0.1:5001/shuubox-cba9b/us-central1/getDiscordAuthURL)."}}
[info] ✔  functions[us-central1-discordOAuthRedirect]: http function initialized (http://127.0.0.1:5001/shuubox-cba9b/us-central1/discordOAuthRedirect). {"metadata":{"emulator":{"name":"functions"},"message":"\u001b[1mhttp\u001b[22m function initialized (http://127.0.0.1:5001/shuubox-cba9b/us-central1/discordOAuthRedirect)."}}
[debug] [2025-10-25T16:28:34.818Z] Could not find VSCode notification endpoint: FetchError: request to http://localhost:40001/vscode/notify failed, reason: . If you are not running the Firebase Data Connect VSCode extension, this is expected and not an issue.
[info] 
┌─────────────────────────────────────────────────────────────┐
│ ✔  All emulators ready! It is now safe to connect your app. │
│ i  View Emulator UI at http://127.0.0.1:4000/               │
└─────────────────────────────────────────────────────────────┘

┌────────────────┬────────────────┬─────────────────────────────────┐
│ Emulator       │ Host:Port      │ View in Emulator UI             │
├────────────────┼────────────────┼─────────────────────────────────┤
│ Authentication │ 127.0.0.1:9099 │ http://127.0.0.1:4000/auth      │
├────────────────┼────────────────┼─────────────────────────────────┤
│ Functions      │ 127.0.0.1:5001 │ http://127.0.0.1:4000/functions │
├────────────────┼────────────────┼─────────────────────────────────┤
│ Firestore      │ 127.0.0.1:8080 │ http://127.0.0.1:4000/firestore │
└────────────────┴────────────────┴─────────────────────────────────┘
  Emulator Hub host: 127.0.0.1 port: 4400
  Other reserved ports: 4500, 9150

Issues? Report them at https://github.com/firebase/firebase-tools/issues and attach the *-debug.log files.
 
[warn] ⚠  emulators: firebase-tools will drop support for Java version < 21 soon in firebase-tools@15. Please install a JDK at version 21 or above to get a compatible runtime. 
[debug] [2025-10-25T16:34:10.806Z] [work-queue] {"queuedWork":["/shuubox-cba9b/us-central1/getDiscordAuthURL-2025-10-25T16:34:10.806Z"],"queueLength":1,"runningWork":[],"workRunningCount":0}
[debug] [2025-10-25T16:34:10.807Z] [work-queue] {"queuedWork":[],"queueLength":0,"runningWork":["/shuubox-cba9b/us-central1/getDiscordAuthURL-2025-10-25T16:34:10.806Z"],"workRunningCount":1}
[debug] [2025-10-25T16:34:10.808Z] Accepted request OPTIONS /shuubox-cba9b/us-central1/getDiscordAuthURL --> us-central1-getDiscordAuthURL
[debug] [2025-10-25T16:34:10.812Z] [functions] Runtime ready! Sending request! {"metadata":{"emulator":{"name":"functions"},"message":"[functions] Runtime ready! Sending request!"}}
[debug] [2025-10-25T16:34:10.813Z] [functions] Got req.url=/shuubox-cba9b/us-central1/getDiscordAuthURL, mapping to path=/ {"metadata":{"emulator":{"name":"functions"},"message":"[functions] Got req.url=/shuubox-cba9b/us-central1/getDiscordAuthURL, mapping to path=/"}}
[debug] [2025-10-25T16:34:10.818Z] [worker-pool] addWorker(us-central1-getDiscordAuthURL) {"metadata":{"emulator":{"name":"functions"},"message":"[worker-pool] addWorker(us-central1-getDiscordAuthURL)"}}
[debug] [2025-10-25T16:34:10.819Z] [worker-pool] Adding worker with key us-central1-getDiscordAuthURL, total=1 {"metadata":{"emulator":{"name":"functions"},"message":"[worker-pool] Adding worker with key us-central1-getDiscordAuthURL, total=1"}}
[debug] [2025-10-25T16:34:12.546Z] [runtime-status] [66459] Resolved module firebase-admin {"declared":true,"installed":true,"version":"12.7.0","resolution":"/Users/sophiageorgieva/Desktop/knight hacks/KH8/shuubox/functions/node_modules/firebase-admin/lib/index.js"} {"metadata":{"emulator":{"name":"functions"},"function":{"name":"us-central1-getDiscordAuthURL"},"extension":{},"message":"[runtime-status] [66459] Resolved module firebase-admin {\"declared\":true,\"installed\":true,\"version\":\"12.7.0\",\"resolution\":\"/Users/sophiageorgieva/Desktop/knight hacks/KH8/shuubox/functions/node_modules/firebase-admin/lib/index.js\"}"}}
[debug] [2025-10-25T16:34:12.547Z] [runtime-status] [66459] Resolved module firebase-functions {"declared":true,"installed":true,"version":"6.6.0","resolution":"/Users/sophiageorgieva/Desktop/knight hacks/KH8/shuubox/functions/node_modules/firebase-functions/lib/v2/index.js"} {"metadata":{"emulator":{"name":"functions"},"function":{"name":"us-central1-getDiscordAuthURL"},"extension":{},"message":"[runtime-status] [66459] Resolved module firebase-functions {\"declared\":true,\"installed\":true,\"version\":\"6.6.0\",\"resolution\":\"/Users/sophiageorgieva/Desktop/knight hacks/KH8/shuubox/functions/node_modules/firebase-functions/lib/v2/index.js\"}"}}
[debug] [2025-10-25T16:34:12.547Z] [runtime-status] [66459] Found local functions config: /Users/sophiageorgieva/Desktop/knight hacks/KH8/shuubox/functions/.runtimeconfig.json {"metadata":{"emulator":{"name":"functions"},"function":{"name":"us-central1-getDiscordAuthURL"},"extension":{},"message":"[runtime-status] [66459] Found local functions config: /Users/sophiageorgieva/Desktop/knight hacks/KH8/shuubox/functions/.runtimeconfig.json"}}
[debug] [2025-10-25T16:34:12.548Z] [runtime-status] [66459] Outgoing network have been stubbed. [{"name":"http","status":"mocked"},{"name":"http","status":"mocked"},{"name":"https","status":"mocked"},{"name":"https","status":"mocked"},{"name":"net","status":"mocked"}] {"metadata":{"emulator":{"name":"functions"},"function":{"name":"us-central1-getDiscordAuthURL"},"extension":{},"message":"[runtime-status] [66459] Outgoing network have been stubbed. [{\"name\":\"http\",\"status\":\"mocked\"},{\"name\":\"http\",\"status\":\"mocked\"},{\"name\":\"https\",\"status\":\"mocked\"},{\"name\":\"https\",\"status\":\"mocked\"},{\"name\":\"net\",\"status\":\"mocked\"}]"}}
[debug] [2025-10-25T16:34:12.548Z] [runtime-status] [66459] Resolved module firebase-functions {"declared":true,"installed":true,"version":"6.6.0","resolution":"/Users/sophiageorgieva/Desktop/knight hacks/KH8/shuubox/functions/node_modules/firebase-functions/lib/v2/index.js"} {"metadata":{"emulator":{"name":"functions"},"function":{"name":"us-central1-getDiscordAuthURL"},"extension":{},"message":"[runtime-status] [66459] Resolved module firebase-functions {\"declared\":true,\"installed\":true,\"version\":\"6.6.0\",\"resolution\":\"/Users/sophiageorgieva/Desktop/knight hacks/KH8/shuubox/functions/node_modules/firebase-functions/lib/v2/index.js\"}"}}
[debug] [2025-10-25T16:34:13.047Z] [runtime-status] [66459] Checked functions.config() {"config":{"discord":{"client_secret":"vqH5yY7dxHJbYSfXd0xMixfCjCY8P2BE","client_id":"1431510586751062058"}}} {"metadata":{"emulator":{"name":"functions"},"function":{"name":"us-central1-getDiscordAuthURL"},"extension":{},"message":"[runtime-status] [66459] Checked functions.config() {\"config\":{\"discord\":{\"client_secret\":\"vqH5yY7dxHJbYSfXd0xMixfCjCY8P2BE\",\"client_id\":\"1431510586751062058\"}}}"}}
[debug] [2025-10-25T16:34:13.047Z] [runtime-status] [66459] firebase-functions has been stubbed. {"functionsResolution":{"declared":true,"installed":true,"version":"6.6.0","resolution":"/Users/sophiageorgieva/Desktop/knight hacks/KH8/shuubox/functions/node_modules/firebase-functions/lib/v2/index.js"}} {"metadata":{"emulator":{"name":"functions"},"function":{"name":"us-central1-getDiscordAuthURL"},"extension":{},"message":"[runtime-status] [66459] firebase-functions has been stubbed. {\"functionsResolution\":{\"declared\":true,\"installed\":true,\"version\":\"6.6.0\",\"resolution\":\"/Users/sophiageorgieva/Desktop/knight hacks/KH8/shuubox/functions/node_modules/firebase-functions/lib/v2/index.js\"}}"}}
[debug] [2025-10-25T16:34:13.048Z] [runtime-status] [66459] Resolved module firebase-functions {"declared":true,"installed":true,"version":"6.6.0","resolution":"/Users/sophiageorgieva/Desktop/knight hacks/KH8/shuubox/functions/node_modules/firebase-functions/lib/v2/index.js"} {"metadata":{"emulator":{"name":"functions"},"function":{"name":"us-central1-getDiscordAuthURL"},"extension":{},"message":"[runtime-status] [66459] Resolved module firebase-functions {\"declared\":true,\"installed\":true,\"version\":\"6.6.0\",\"resolution\":\"/Users/sophiageorgieva/Desktop/knight hacks/KH8/shuubox/functions/node_modules/firebase-functions/lib/v2/index.js\"}"}}
[debug] [2025-10-25T16:34:13.053Z] [runtime-status] [66459] Resolved module firebase-admin {"declared":true,"installed":true,"version":"12.7.0","resolution":"/Users/sophiageorgieva/Desktop/knight hacks/KH8/shuubox/functions/node_modules/firebase-admin/lib/index.js"} {"metadata":{"emulator":{"name":"functions"},"function":{"name":"us-central1-getDiscordAuthURL"},"extension":{},"message":"[runtime-status] [66459] Resolved module firebase-admin {\"declared\":true,\"installed\":true,\"version\":\"12.7.0\",\"resolution\":\"/Users/sophiageorgieva/Desktop/knight hacks/KH8/shuubox/functions/node_modules/firebase-admin/lib/index.js\"}"}}
[debug] [2025-10-25T16:34:13.056Z] [runtime-status] [66459] Resolved module firebase-functions {"declared":true,"installed":true,"version":"6.6.0","resolution":"/Users/sophiageorgieva/Desktop/knight hacks/KH8/shuubox/functions/node_modules/firebase-functions/lib/v2/index.js"} {"metadata":{"emulator":{"name":"functions"},"function":{"name":"us-central1-getDiscordAuthURL"},"extension":{},"message":"[runtime-status] [66459] Resolved module firebase-functions {\"declared\":true,\"installed\":true,\"version\":\"6.6.0\",\"resolution\":\"/Users/sophiageorgieva/Desktop/knight hacks/KH8/shuubox/functions/node_modules/firebase-functions/lib/v2/index.js\"}"}}
[debug] [2025-10-25T16:34:13.056Z] [runtime-status] [66459] firebase-admin has been stubbed. {"adminResolution":{"declared":true,"installed":true,"version":"12.7.0","resolution":"/Users/sophiageorgieva/Desktop/knight hacks/KH8/shuubox/functions/node_modules/firebase-admin/lib/index.js"}} {"metadata":{"emulator":{"name":"functions"},"function":{"name":"us-central1-getDiscordAuthURL"},"extension":{},"message":"[runtime-status] [66459] firebase-admin has been stubbed. {\"adminResolution\":{\"declared\":true,\"installed\":true,\"version\":\"12.7.0\",\"resolution\":\"/Users/sophiageorgieva/Desktop/knight hacks/KH8/shuubox/functions/node_modules/firebase-admin/lib/index.js\"}}"}}
[debug] [2025-10-25T16:34:13.144Z] [runtime-status] [66459] initializeApp(DEFAULT) {"storageBucket":"shuubox-cba9b.firebasestorage.app","projectId":"shuubox-cba9b"} {"metadata":{"emulator":{"name":"functions"},"function":{"name":"us-central1-getDiscordAuthURL"},"extension":{},"message":"[runtime-status] [66459] initializeApp(DEFAULT) {\"storageBucket\":\"shuubox-cba9b.firebasestorage.app\",\"projectId\":\"shuubox-cba9b\"}"}}
[debug] [2025-10-25T16:34:13.154Z] [runtime-status] [66459] Functions runtime initialized. {"cwd":"/Users/sophiageorgieva/Desktop/knight hacks/KH8/shuubox/functions","node_version":"22.21.0"} {"metadata":{"emulator":{"name":"functions"},"function":{"name":"us-central1-getDiscordAuthURL"},"extension":{},"message":"[runtime-status] [66459] Functions runtime initialized. {\"cwd\":\"/Users/sophiageorgieva/Desktop/knight hacks/KH8/shuubox/functions\",\"node_version\":\"22.21.0\"}"}}
[debug] [2025-10-25T16:34:13.155Z] [runtime-status] [66459] Listening to port: /var/folders/pw/w1v82whn4534qhjxbf0ky41m0000gn/T/fire_emu_e2d244122814eb6e.sock {"metadata":{"emulator":{"name":"functions"},"function":{"name":"us-central1-getDiscordAuthURL"},"extension":{},"message":"[runtime-status] [66459] Listening to port: /var/folders/pw/w1v82whn4534qhjxbf0ky41m0000gn/T/fire_emu_e2d244122814eb6e.sock"}}
[debug] [2025-10-25T16:34:13.258Z] [worker-us-central1-getDiscordAuthURL-d1a5095a-5c62-4b79-b2a9-8e5c4a49f23c]: IDLE {"metadata":{"emulator":{"name":"functions"},"function":{"name":"us-central1-getDiscordAuthURL"},"extension":{},"message":"[worker-us-central1-getDiscordAuthURL-d1a5095a-5c62-4b79-b2a9-8e5c4a49f23c]: IDLE"}}
[debug] [2025-10-25T16:34:13.259Z] [worker-pool] submitRequest(triggerId=us-central1-getDiscordAuthURL) {"metadata":{"emulator":{"name":"functions"},"message":"[worker-pool] submitRequest(triggerId=us-central1-getDiscordAuthURL)"}}
[info] i  functions: Beginning execution of "us-central1-getDiscordAuthURL" {"metadata":{"emulator":{"name":"functions"},"function":{"name":"us-central1-getDiscordAuthURL"},"extension":{},"message":"Beginning execution of \"us-central1-getDiscordAuthURL\""}}
[debug] [2025-10-25T16:34:13.260Z] [worker-us-central1-getDiscordAuthURL-d1a5095a-5c62-4b79-b2a9-8e5c4a49f23c]: BUSY {"metadata":{"emulator":{"name":"functions"},"function":{"name":"us-central1-getDiscordAuthURL"},"extension":{},"message":"[worker-us-central1-getDiscordAuthURL-d1a5095a-5c62-4b79-b2a9-8e5c4a49f23c]: BUSY"}}
[debug] [2025-10-25T16:34:13.267Z] Finishing up request with event=pause {"metadata":{"emulator":{"name":"functions"},"function":{"name":"us-central1-getDiscordAuthURL"},"extension":{},"message":"Finishing up request with event=pause"}}
[info] i  functions: Finished "us-central1-getDiscordAuthURL" in 7.686678ms {"metadata":{"emulator":{"name":"functions"},"function":{"name":"us-central1-getDiscordAuthURL"},"extension":{},"message":"Finished \"us-central1-getDiscordAuthURL\" in 7.686678ms"}}
[debug] [2025-10-25T16:34:13.268Z] [worker-us-central1-getDiscordAuthURL-d1a5095a-5c62-4b79-b2a9-8e5c4a49f23c]: IDLE {"metadata":{"emulator":{"name":"functions"},"function":{"name":"us-central1-getDiscordAuthURL"},"extension":{},"message":"[worker-us-central1-getDiscordAuthURL-d1a5095a-5c62-4b79-b2a9-8e5c4a49f23c]: IDLE"}}
[debug] [2025-10-25T16:34:13.268Z] Finishing up request with event=finish {"metadata":{"emulator":{"name":"functions"},"function":{"name":"us-central1-getDiscordAuthURL"},"extension":{},"message":"Finishing up request with event=finish"}}
[debug] [2025-10-25T16:34:13.268Z] Finishing up request with event=close {"metadata":{"emulator":{"name":"functions"},"function":{"name":"us-central1-getDiscordAuthURL"},"extension":{},"message":"Finishing up request with event=close"}}
[debug] [2025-10-25T16:34:13.269Z] [work-queue] {"queuedWork":[],"queueLength":0,"runningWork":[],"workRunningCount":0}
[debug] [2025-10-25T16:34:13.270Z] [work-queue] {"queuedWork":["/shuubox-cba9b/us-central1/getDiscordAuthURL-2025-10-25T16:34:13.270Z"],"queueLength":1,"runningWork":[],"workRunningCount":0}
[debug] [2025-10-25T16:34:13.270Z] [work-queue] {"queuedWork":[],"queueLength":0,"runningWork":["/shuubox-cba9b/us-central1/getDiscordAuthURL-2025-10-25T16:34:13.270Z"],"workRunningCount":1}
[debug] [2025-10-25T16:34:13.270Z] Accepted request POST /shuubox-cba9b/us-central1/getDiscordAuthURL --> us-central1-getDiscordAuthURL
[debug] [2025-10-25T16:34:13.271Z] [functions] Runtime ready! Sending request! {"metadata":{"emulator":{"name":"functions"},"message":"[functions] Runtime ready! Sending request!"}}
[debug] [2025-10-25T16:34:13.271Z] [functions] Got req.url=/shuubox-cba9b/us-central1/getDiscordAuthURL, mapping to path=/ {"metadata":{"emulator":{"name":"functions"},"message":"[functions] Got req.url=/shuubox-cba9b/us-central1/getDiscordAuthURL, mapping to path=/"}}
[debug] [2025-10-25T16:34:13.271Z] [worker-pool] submitRequest(triggerId=us-central1-getDiscordAuthURL) {"metadata":{"emulator":{"name":"functions"},"message":"[worker-pool] submitRequest(triggerId=us-central1-getDiscordAuthURL)"}}
[info] i  functions: Beginning execution of "us-central1-getDiscordAuthURL" {"metadata":{"emulator":{"name":"functions"},"function":{"name":"us-central1-getDiscordAuthURL"},"extension":{},"message":"Beginning execution of \"us-central1-getDiscordAuthURL\""}}
[debug] [2025-10-25T16:34:13.271Z] [worker-us-central1-getDiscordAuthURL-d1a5095a-5c62-4b79-b2a9-8e5c4a49f23c]: BUSY {"metadata":{"emulator":{"name":"functions"},"function":{"name":"us-central1-getDiscordAuthURL"},"extension":{},"message":"[worker-us-central1-getDiscordAuthURL-d1a5095a-5c62-4b79-b2a9-8e5c4a49f23c]: BUSY"}}
[info] >  {"verifications":{"app":"MISSING","auth":"MISSING"},"logging.googleapis.com/labels":{"firebase-log-type":"callable-request-verification"},"severity":"DEBUG","message":"Callable request verification passed"} {"user":{"verifications":{"app":"MISSING","auth":"MISSING"},"logging.googleapis.com/labels":{"firebase-log-type":"callable-request-verification"},"severity":"DEBUG","message":"Callable request verification passed"},"metadata":{"emulator":{"name":"functions"},"function":{"name":"us-central1-getDiscordAuthURL"},"extension":{},"message":"\u001b[90m> \u001b[39m {\"verifications\":{\"app\":\"MISSING\",\"auth\":\"MISSING\"},\"logging.googleapis.com/labels\":{\"firebase-log-type\":\"callable-request-verification\"},\"severity\":\"DEBUG\",\"message\":\"Callable request verification passed\"}"}}
[info] >  Authorize URL: https://discord.com/api/oauth2/authorize?client_id=1431510586751062058&redirect_uri=http%3A%2F%2F127.0.0.1%3A5001%2Fshuubox-cba9b%2Fus-central1%2FdiscordOAuthRedirect&response_type=code&scope=identify+email&state=7vrhd5pb7vm {"user":"Authorize URL: https://discord.com/api/oauth2/authorize?client_id=1431510586751062058&redirect_uri=http%3A%2F%2F127.0.0.1%3A5001%2Fshuubox-cba9b%2Fus-central1%2FdiscordOAuthRedirect&response_type=code&scope=identify+email&state=7vrhd5pb7vm","metadata":{"emulator":{"name":"functions"},"function":{"name":"us-central1-getDiscordAuthURL"},"extension":{},"message":"\u001b[90m> \u001b[39m Authorize URL: https://discord.com/api/oauth2/authorize?client_id=1431510586751062058&redirect_uri=http%3A%2F%2F127.0.0.1%3A5001%2Fshuubox-cba9b%2Fus-central1%2FdiscordOAuthRedirect&response_type=code&scope=identify+email&state=7vrhd5pb7vm"}}
[debug] [2025-10-25T16:34:13.293Z] Finishing up request with event=pause {"metadata":{"emulator":{"name":"functions"},"function":{"name":"us-central1-getDiscordAuthURL"},"extension":{},"message":"Finishing up request with event=pause"}}
[info] i  functions: Finished "us-central1-getDiscordAuthURL" in 22.268264ms {"metadata":{"emulator":{"name":"functions"},"function":{"name":"us-central1-getDiscordAuthURL"},"extension":{},"message":"Finished \"us-central1-getDiscordAuthURL\" in 22.268264ms"}}
[debug] [2025-10-25T16:34:13.296Z] [worker-us-central1-getDiscordAuthURL-d1a5095a-5c62-4b79-b2a9-8e5c4a49f23c]: IDLE {"metadata":{"emulator":{"name":"functions"},"function":{"name":"us-central1-getDiscordAuthURL"},"extension":{},"message":"[worker-us-central1-getDiscordAuthURL-d1a5095a-5c62-4b79-b2a9-8e5c4a49f23c]: IDLE"}}
[debug] [2025-10-25T16:34:13.297Z] Finishing up request with event=finish {"metadata":{"emulator":{"name":"functions"},"function":{"name":"us-central1-getDiscordAuthURL"},"extension":{},"message":"Finishing up request with event=finish"}}
[debug] [2025-10-25T16:34:13.297Z] Finishing up request with event=close {"metadata":{"emulator":{"name":"functions"},"function":{"name":"us-central1-getDiscordAuthURL"},"extension":{},"message":"Finishing up request with event=close"}}
[debug] [2025-10-25T16:34:13.298Z] [work-queue] {"queuedWork":[],"queueLength":0,"runningWork":[],"workRunningCount":0}
[debug] [2025-10-25T16:34:24.695Z] [work-queue] {"queuedWork":["/shuubox-cba9b/us-central1/discordOAuthRedirect-2025-10-25T16:34:24.695Z"],"queueLength":1,"runningWork":[],"workRunningCount":0}
[debug] [2025-10-25T16:34:24.697Z] [work-queue] {"queuedWork":[],"queueLength":0,"runningWork":["/shuubox-cba9b/us-central1/discordOAuthRedirect-2025-10-25T16:34:24.695Z"],"workRunningCount":1}
[debug] [2025-10-25T16:34:24.697Z] Accepted request GET /shuubox-cba9b/us-central1/discordOAuthRedirect?code=6qcG39LETQngLhG54aheiyQg8SKH7P&state=7vrhd5pb7vm --> us-central1-discordOAuthRedirect
[debug] [2025-10-25T16:34:24.702Z] [functions] Runtime ready! Sending request! {"metadata":{"emulator":{"name":"functions"},"message":"[functions] Runtime ready! Sending request!"}}
[debug] [2025-10-25T16:34:24.702Z] [functions] Got req.url=/shuubox-cba9b/us-central1/discordOAuthRedirect?code=6qcG39LETQngLhG54aheiyQg8SKH7P&state=7vrhd5pb7vm, mapping to path=/?code=6qcG39LETQngLhG54aheiyQg8SKH7P&state=7vrhd5pb7vm {"metadata":{"emulator":{"name":"functions"},"message":"[functions] Got req.url=/shuubox-cba9b/us-central1/discordOAuthRedirect?code=6qcG39LETQngLhG54aheiyQg8SKH7P&state=7vrhd5pb7vm, mapping to path=/?code=6qcG39LETQngLhG54aheiyQg8SKH7P&state=7vrhd5pb7vm"}}
[debug] [2025-10-25T16:34:24.708Z] [worker-pool] addWorker(us-central1-discordOAuthRedirect) {"metadata":{"emulator":{"name":"functions"},"message":"[worker-pool] addWorker(us-central1-discordOAuthRedirect)"}}
[debug] [2025-10-25T16:34:24.708Z] [worker-pool] Adding worker with key us-central1-discordOAuthRedirect, total=1 {"metadata":{"emulator":{"name":"functions"},"message":"[worker-pool] Adding worker with key us-central1-discordOAuthRedirect, total=1"}}
[debug] [2025-10-25T16:34:26.617Z] [runtime-status] [66484] Resolved module firebase-admin {"declared":true,"installed":true,"version":"12.7.0","resolution":"/Users/sophiageorgieva/Desktop/knight hacks/KH8/shuubox/functions/node_modules/firebase-admin/lib/index.js"} {"metadata":{"emulator":{"name":"functions"},"function":{"name":"us-central1-discordOAuthRedirect"},"extension":{},"message":"[runtime-status] [66484] Resolved module firebase-admin {\"declared\":true,\"installed\":true,\"version\":\"12.7.0\",\"resolution\":\"/Users/sophiageorgieva/Desktop/knight hacks/KH8/shuubox/functions/node_modules/firebase-admin/lib/index.js\"}"}}
[debug] [2025-10-25T16:34:26.619Z] [runtime-status] [66484] Resolved module firebase-functions {"declared":true,"installed":true,"version":"6.6.0","resolution":"/Users/sophiageorgieva/Desktop/knight hacks/KH8/shuubox/functions/node_modules/firebase-functions/lib/v2/index.js"} {"metadata":{"emulator":{"name":"functions"},"function":{"name":"us-central1-discordOAuthRedirect"},"extension":{},"message":"[runtime-status] [66484] Resolved module firebase-functions {\"declared\":true,\"installed\":true,\"version\":\"6.6.0\",\"resolution\":\"/Users/sophiageorgieva/Desktop/knight hacks/KH8/shuubox/functions/node_modules/firebase-functions/lib/v2/index.js\"}"}}
[debug] [2025-10-25T16:34:26.620Z] [runtime-status] [66484] Found local functions config: /Users/sophiageorgieva/Desktop/knight hacks/KH8/shuubox/functions/.runtimeconfig.json {"metadata":{"emulator":{"name":"functions"},"function":{"name":"us-central1-discordOAuthRedirect"},"extension":{},"message":"[runtime-status] [66484] Found local functions config: /Users/sophiageorgieva/Desktop/knight hacks/KH8/shuubox/functions/.runtimeconfig.json"}}
[debug] [2025-10-25T16:34:26.621Z] [runtime-status] [66484] Outgoing network have been stubbed. [{"name":"http","status":"mocked"},{"name":"http","status":"mocked"},{"name":"https","status":"mocked"},{"name":"https","status":"mocked"},{"name":"net","status":"mocked"}] {"metadata":{"emulator":{"name":"functions"},"function":{"name":"us-central1-discordOAuthRedirect"},"extension":{},"message":"[runtime-status] [66484] Outgoing network have been stubbed. [{\"name\":\"http\",\"status\":\"mocked\"},{\"name\":\"http\",\"status\":\"mocked\"},{\"name\":\"https\",\"status\":\"mocked\"},{\"name\":\"https\",\"status\":\"mocked\"},{\"name\":\"net\",\"status\":\"mocked\"}]"}}
[debug] [2025-10-25T16:34:26.624Z] [runtime-status] [66484] Resolved module firebase-functions {"declared":true,"installed":true,"version":"6.6.0","resolution":"/Users/sophiageorgieva/Desktop/knight hacks/KH8/shuubox/functions/node_modules/firebase-functions/lib/v2/index.js"} {"metadata":{"emulator":{"name":"functions"},"function":{"name":"us-central1-discordOAuthRedirect"},"extension":{},"message":"[runtime-status] [66484] Resolved module firebase-functions {\"declared\":true,\"installed\":true,\"version\":\"6.6.0\",\"resolution\":\"/Users/sophiageorgieva/Desktop/knight hacks/KH8/shuubox/functions/node_modules/firebase-functions/lib/v2/index.js\"}"}}
[debug] [2025-10-25T16:34:27.195Z] [runtime-status] [66484] Checked functions.config() {"config":{"discord":{"client_secret":"vqH5yY7dxHJbYSfXd0xMixfCjCY8P2BE","client_id":"1431510586751062058"}}} {"metadata":{"emulator":{"name":"functions"},"function":{"name":"us-central1-discordOAuthRedirect"},"extension":{},"message":"[runtime-status] [66484] Checked functions.config() {\"config\":{\"discord\":{\"client_secret\":\"vqH5yY7dxHJbYSfXd0xMixfCjCY8P2BE\",\"client_id\":\"1431510586751062058\"}}}"}}
[debug] [2025-10-25T16:34:27.195Z] [runtime-status] [66484] firebase-functions has been stubbed. {"functionsResolution":{"declared":true,"installed":true,"version":"6.6.0","resolution":"/Users/sophiageorgieva/Desktop/knight hacks/KH8/shuubox/functions/node_modules/firebase-functions/lib/v2/index.js"}} {"metadata":{"emulator":{"name":"functions"},"function":{"name":"us-central1-discordOAuthRedirect"},"extension":{},"message":"[runtime-status] [66484] firebase-functions has been stubbed. {\"functionsResolution\":{\"declared\":true,\"installed\":true,\"version\":\"6.6.0\",\"resolution\":\"/Users/sophiageorgieva/Desktop/knight hacks/KH8/shuubox/functions/node_modules/firebase-functions/lib/v2/index.js\"}}"}}
[debug] [2025-10-25T16:34:27.196Z] [runtime-status] [66484] Resolved module firebase-functions {"declared":true,"installed":true,"version":"6.6.0","resolution":"/Users/sophiageorgieva/Desktop/knight hacks/KH8/shuubox/functions/node_modules/firebase-functions/lib/v2/index.js"} {"metadata":{"emulator":{"name":"functions"},"function":{"name":"us-central1-discordOAuthRedirect"},"extension":{},"message":"[runtime-status] [66484] Resolved module firebase-functions {\"declared\":true,\"installed\":true,\"version\":\"6.6.0\",\"resolution\":\"/Users/sophiageorgieva/Desktop/knight hacks/KH8/shuubox/functions/node_modules/firebase-functions/lib/v2/index.js\"}"}}
[debug] [2025-10-25T16:34:27.200Z] [runtime-status] [66484] Resolved module firebase-admin {"declared":true,"installed":true,"version":"12.7.0","resolution":"/Users/sophiageorgieva/Desktop/knight hacks/KH8/shuubox/functions/node_modules/firebase-admin/lib/index.js"} {"metadata":{"emulator":{"name":"functions"},"function":{"name":"us-central1-discordOAuthRedirect"},"extension":{},"message":"[runtime-status] [66484] Resolved module firebase-admin {\"declared\":true,\"installed\":true,\"version\":\"12.7.0\",\"resolution\":\"/Users/sophiageorgieva/Desktop/knight hacks/KH8/shuubox/functions/node_modules/firebase-admin/lib/index.js\"}"}}
[debug] [2025-10-25T16:34:27.204Z] [runtime-status] [66484] Resolved module firebase-functions {"declared":true,"installed":true,"version":"6.6.0","resolution":"/Users/sophiageorgieva/Desktop/knight hacks/KH8/shuubox/functions/node_modules/firebase-functions/lib/v2/index.js"} {"metadata":{"emulator":{"name":"functions"},"function":{"name":"us-central1-discordOAuthRedirect"},"extension":{},"message":"[runtime-status] [66484] Resolved module firebase-functions {\"declared\":true,\"installed\":true,\"version\":\"6.6.0\",\"resolution\":\"/Users/sophiageorgieva/Desktop/knight hacks/KH8/shuubox/functions/node_modules/firebase-functions/lib/v2/index.js\"}"}}
[debug] [2025-10-25T16:34:27.204Z] [runtime-status] [66484] firebase-admin has been stubbed. {"adminResolution":{"declared":true,"installed":true,"version":"12.7.0","resolution":"/Users/sophiageorgieva/Desktop/knight hacks/KH8/shuubox/functions/node_modules/firebase-admin/lib/index.js"}} {"metadata":{"emulator":{"name":"functions"},"function":{"name":"us-central1-discordOAuthRedirect"},"extension":{},"message":"[runtime-status] [66484] firebase-admin has been stubbed. {\"adminResolution\":{\"declared\":true,\"installed\":true,\"version\":\"12.7.0\",\"resolution\":\"/Users/sophiageorgieva/Desktop/knight hacks/KH8/shuubox/functions/node_modules/firebase-admin/lib/index.js\"}}"}}
[debug] [2025-10-25T16:34:27.293Z] [runtime-status] [66484] initializeApp(DEFAULT) {"storageBucket":"shuubox-cba9b.firebasestorage.app","projectId":"shuubox-cba9b"} {"metadata":{"emulator":{"name":"functions"},"function":{"name":"us-central1-discordOAuthRedirect"},"extension":{},"message":"[runtime-status] [66484] initializeApp(DEFAULT) {\"storageBucket\":\"shuubox-cba9b.firebasestorage.app\",\"projectId\":\"shuubox-cba9b\"}"}}
[debug] [2025-10-25T16:34:27.304Z] [runtime-status] [66484] Functions runtime initialized. {"cwd":"/Users/sophiageorgieva/Desktop/knight hacks/KH8/shuubox/functions","node_version":"22.21.0"} {"metadata":{"emulator":{"name":"functions"},"function":{"name":"us-central1-discordOAuthRedirect"},"extension":{},"message":"[runtime-status] [66484] Functions runtime initialized. {\"cwd\":\"/Users/sophiageorgieva/Desktop/knight hacks/KH8/shuubox/functions\",\"node_version\":\"22.21.0\"}"}}
[debug] [2025-10-25T16:34:27.305Z] [runtime-status] [66484] Listening to port: /var/folders/pw/w1v82whn4534qhjxbf0ky41m0000gn/T/fire_emu_5347e6dd95bc59eb.sock {"metadata":{"emulator":{"name":"functions"},"function":{"name":"us-central1-discordOAuthRedirect"},"extension":{},"message":"[runtime-status] [66484] Listening to port: /var/folders/pw/w1v82whn4534qhjxbf0ky41m0000gn/T/fire_emu_5347e6dd95bc59eb.sock"}}
[debug] [2025-10-25T16:34:27.350Z] [worker-us-central1-discordOAuthRedirect-b8c07b2b-1ec6-4e6d-99c5-4e35e9e486d4]: IDLE {"metadata":{"emulator":{"name":"functions"},"function":{"name":"us-central1-discordOAuthRedirect"},"extension":{},"message":"[worker-us-central1-discordOAuthRedirect-b8c07b2b-1ec6-4e6d-99c5-4e35e9e486d4]: IDLE"}}
[debug] [2025-10-25T16:34:27.350Z] [worker-pool] submitRequest(triggerId=us-central1-discordOAuthRedirect) {"metadata":{"emulator":{"name":"functions"},"message":"[worker-pool] submitRequest(triggerId=us-central1-discordOAuthRedirect)"}}
[info] i  functions: Beginning execution of "us-central1-discordOAuthRedirect" {"metadata":{"emulator":{"name":"functions"},"function":{"name":"us-central1-discordOAuthRedirect"},"extension":{},"message":"Beginning execution of \"us-central1-discordOAuthRedirect\""}}
[debug] [2025-10-25T16:34:27.350Z] [worker-us-central1-discordOAuthRedirect-b8c07b2b-1ec6-4e6d-99c5-4e35e9e486d4]: BUSY {"metadata":{"emulator":{"name":"functions"},"function":{"name":"us-central1-discordOAuthRedirect"},"extension":{},"message":"[worker-us-central1-discordOAuthRedirect-b8c07b2b-1ec6-4e6d-99c5-4e35e9e486d4]: BUSY"}}
[info] >  [OAuth] A: received query { hasCode: true, hasState: true } {"user":"[OAuth] A: received query { hasCode: true, hasState: true }","metadata":{"emulator":{"name":"functions"},"function":{"name":"us-central1-discordOAuthRedirect"},"extension":{},"message":"\u001b[90m> \u001b[39m [OAuth] A: received query { hasCode: true, hasState: true }"}}
[info] >  [OAuth] B: exchanging code for tokens { {"user":"[OAuth] B: exchanging code for tokens {","metadata":{"emulator":{"name":"functions"},"function":{"name":"us-central1-discordOAuthRedirect"},"extension":{},"message":"\u001b[90m> \u001b[39m [OAuth] B: exchanging code for tokens {"}}
[info] >    redirectUri: 'http://127.0.0.1:5001/shuubox-cba9b/us-central1/discordOAuthRedirect' {"user":"  redirectUri: 'http://127.0.0.1:5001/shuubox-cba9b/us-central1/discordOAuthRedirect'","metadata":{"emulator":{"name":"functions"},"function":{"name":"us-central1-discordOAuthRedirect"},"extension":{},"message":"\u001b[90m> \u001b[39m   redirectUri: 'http://127.0.0.1:5001/shuubox-cba9b/us-central1/discordOAuthRedirect'"}}
[info] >  } {"user":"}","metadata":{"emulator":{"name":"functions"},"function":{"name":"us-central1-discordOAuthRedirect"},"extension":{},"message":"\u001b[90m> \u001b[39m }"}}
[info] >  [OAuth] C: token response OK { {"user":"[OAuth] C: token response OK {","metadata":{"emulator":{"name":"functions"},"function":{"name":"us-central1-discordOAuthRedirect"},"extension":{},"message":"\u001b[90m> \u001b[39m [OAuth] C: token response OK {"}}
[info] >    hasAccess: true, {"user":"  hasAccess: true,","metadata":{"emulator":{"name":"functions"},"function":{"name":"us-central1-discordOAuthRedirect"},"extension":{},"message":"\u001b[90m> \u001b[39m   hasAccess: true,"}}
[info] >    hasRefresh: true, {"user":"  hasRefresh: true,","metadata":{"emulator":{"name":"functions"},"function":{"name":"us-central1-discordOAuthRedirect"},"extension":{},"message":"\u001b[90m> \u001b[39m   hasRefresh: true,"}}
[info] >    tokenType: 'Bearer', {"user":"  tokenType: 'Bearer',","metadata":{"emulator":{"name":"functions"},"function":{"name":"us-central1-discordOAuthRedirect"},"extension":{},"message":"\u001b[90m> \u001b[39m   tokenType: 'Bearer',"}}
[info] >    scope: 'email identify' {"user":"  scope: 'email identify'","metadata":{"emulator":{"name":"functions"},"function":{"name":"us-central1-discordOAuthRedirect"},"extension":{},"message":"\u001b[90m> \u001b[39m   scope: 'email identify'"}}
[info] >  } {"user":"}","metadata":{"emulator":{"name":"functions"},"function":{"name":"us-central1-discordOAuthRedirect"},"extension":{},"message":"\u001b[90m> \u001b[39m }"}}
[info] >  [OAuth] D: fetching /users/@me {} {"user":"[OAuth] D: fetching /users/@me {}","metadata":{"emulator":{"name":"functions"},"function":{"name":"us-central1-discordOAuthRedirect"},"extension":{},"message":"\u001b[90m> \u001b[39m [OAuth] D: fetching /users/@me {}"}}
[info] >  [OAuth] E: got user { {"user":"[OAuth] E: got user {","metadata":{"emulator":{"name":"functions"},"function":{"name":"us-central1-discordOAuthRedirect"},"extension":{},"message":"\u001b[90m> \u001b[39m [OAuth] E: got user {"}}
[info] >    id: '717552687713091585', {"user":"  id: '717552687713091585',","metadata":{"emulator":{"name":"functions"},"function":{"name":"us-central1-discordOAuthRedirect"},"extension":{},"message":"\u001b[90m> \u001b[39m   id: '717552687713091585',"}}
[info] >    email: 'spgeorgieva27@gmail.com', {"user":"  email: 'spgeorgieva27@gmail.com',","metadata":{"emulator":{"name":"functions"},"function":{"name":"us-central1-discordOAuthRedirect"},"extension":{},"message":"\u001b[90m> \u001b[39m   email: 'spgeorgieva27@gmail.com',"}}
[info] >    username: 'sopge' {"user":"  username: 'sopge'","metadata":{"emulator":{"name":"functions"},"function":{"name":"us-central1-discordOAuthRedirect"},"extension":{},"message":"\u001b[90m> \u001b[39m   username: 'sopge'"}}
[info] >  } {"user":"}","metadata":{"emulator":{"name":"functions"},"function":{"name":"us-central1-discordOAuthRedirect"},"extension":{},"message":"\u001b[90m> \u001b[39m }"}}
[info] >  [OAuth] F: linking/creating Firebase user {} {"user":"[OAuth] F: linking/creating Firebase user {}","metadata":{"emulator":{"name":"functions"},"function":{"name":"us-central1-discordOAuthRedirect"},"extension":{},"message":"\u001b[90m> \u001b[39m [OAuth] F: linking/creating Firebase user {}"}}
[debug] [2025-10-25T16:34:29.819Z] >>> [apiv2][query] POST http://127.0.0.1:5001/functions/projects/shuubox-cba9b/trigger_multicast [none]
[debug] [2025-10-25T16:34:29.819Z] >>> [apiv2][body] POST http://127.0.0.1:5001/functions/projects/shuubox-cba9b/trigger_multicast {"eventId":"083c6692-c2da-455a-9676-ec87646450e3","eventType":"providers/firebase.auth/eventTypes/user.create","resource":{"name":"projects/shuubox-cba9b","service":"firebaseauth.googleapis.com"},"params":{},"timestamp":"2025-10-25T16:34:29.818Z","data":{"uid":"SR4m1NwRk6zMH9BuGrGOg8fIiyt2","email":"spgeorgieva27@gmail.com","emailVerified":true,"displayName":"sophia","photoURL":"https://cdn.discordapp.com/avatars/717552687713091585/315e89828938780bd70e54288b081855.png","metadata":{"creationTime":"2025-10-25T16:34:29.817Z","lastSignInTime":"2025-10-25T16:34:29.817Z"},"customClaims":{}}}
[debug] [2025-10-25T16:34:29.825Z] <<< [apiv2][status] POST http://127.0.0.1:5001/functions/projects/shuubox-cba9b/trigger_multicast 200
[debug] [2025-10-25T16:34:29.825Z] <<< [apiv2][body] POST http://127.0.0.1:5001/functions/projects/shuubox-cba9b/trigger_multicast {"status":"multicast_acknowledged"}
[info] >  [OAuth] G: saving Discord info to Firestore {} {"user":"[OAuth] G: saving Discord info to Firestore {}","metadata":{"emulator":{"name":"functions"},"function":{"name":"us-central1-discordOAuthRedirect"},"extension":{},"message":"\u001b[90m> \u001b[39m [OAuth] G: saving Discord info to Firestore {}"}}
[debug] [2025-10-25T16:34:30.421Z] Oct 25, 2025 12:34:30 PM io.gapi.emulators.netty.HttpVersionRoutingHandler channelRead
INFO: Detected HTTP/2 connection.
 {"metadata":{"emulator":{"name":"firestore"},"message":"Oct 25, 2025 12:34:30 PM io.gapi.emulators.netty.HttpVersionRoutingHandler channelRead\nINFO: Detected HTTP/2 connection.\n"}}
[info] >  [OAuth] H: issuing custom token and redirecting {} {"user":"[OAuth] H: issuing custom token and redirecting {}","metadata":{"emulator":{"name":"functions"},"function":{"name":"us-central1-discordOAuthRedirect"},"extension":{},"message":"\u001b[90m> \u001b[39m [OAuth] H: issuing custom token and redirecting {}"}}
[debug] [2025-10-25T16:34:31.546Z] Finishing up request with event=pause {"metadata":{"emulator":{"name":"functions"},"function":{"name":"us-central1-discordOAuthRedirect"},"extension":{},"message":"Finishing up request with event=pause"}}
[info] i  functions: Finished "us-central1-discordOAuthRedirect" in 4195.738371ms {"metadata":{"emulator":{"name":"functions"},"function":{"name":"us-central1-discordOAuthRedirect"},"extension":{},"message":"Finished \"us-central1-discordOAuthRedirect\" in 4195.738371ms"}}
[debug] [2025-10-25T16:34:31.547Z] [worker-us-central1-discordOAuthRedirect-b8c07b2b-1ec6-4e6d-99c5-4e35e9e486d4]: IDLE {"metadata":{"emulator":{"name":"functions"},"function":{"name":"us-central1-discordOAuthRedirect"},"extension":{},"message":"[worker-us-central1-discordOAuthRedirect-b8c07b2b-1ec6-4e6d-99c5-4e35e9e486d4]: IDLE"}}
[debug] [2025-10-25T16:34:31.547Z] Finishing up request with event=finish {"metadata":{"emulator":{"name":"functions"},"function":{"name":"us-central1-discordOAuthRedirect"},"extension":{},"message":"Finishing up request with event=finish"}}
[debug] [2025-10-25T16:34:31.547Z] Finishing up request with event=close {"metadata":{"emulator":{"name":"functions"},"function":{"name":"us-central1-discordOAuthRedirect"},"extension":{},"message":"Finishing up request with event=close"}}
[debug] [2025-10-25T16:34:31.548Z] [work-queue] {"queuedWork":[],"queueLength":0,"runningWork":[],"workRunningCount":0}
[debug] [2025-10-25T16:34:33.247Z] Oct 25, 2025 12:34:33 PM io.gapi.emulators.netty.HttpVersionRoutingHandler channelRead
INFO: Detected non-HTTP/2 connection.
 {"metadata":{"emulator":{"name":"firestore"},"message":"Oct 25, 2025 12:34:33 PM io.gapi.emulators.netty.HttpVersionRoutingHandler channelRead\nINFO: Detected non-HTTP/2 connection.\n"}}
[debug] [2025-10-25T16:34:33.982Z] Oct 25, 2025 12:34:33 PM io.gapi.emulators.netty.HttpVersionRoutingHandler channelRead
INFO: Detected non-HTTP/2 connection.
 {"metadata":{"emulator":{"name":"firestore"},"message":"Oct 25, 2025 12:34:33 PM io.gapi.emulators.netty.HttpVersionRoutingHandler channelRead\nINFO: Detected non-HTTP/2 connection.\n"}}
[debug] [2025-10-25T16:34:34.016Z] Oct 25, 2025 12:34:34 PM io.gapi.emulators.netty.HttpVersionRoutingHandler channelRead
INFO: Detected non-HTTP/2 connection.
 {"metadata":{"emulator":{"name":"firestore"},"message":"Oct 25, 2025 12:34:34 PM io.gapi.emulators.netty.HttpVersionRoutingHandler channelRead\nINFO: Detected non-HTTP/2 connection.\n"}}
[debug] [2025-10-25T16:34:34.671Z] Oct 25, 2025 12:34:34 PM io.gapi.emulators.netty.HttpVersionRoutingHandler channelRead
INFO: Detected non-HTTP/2 connection.
 {"metadata":{"emulator":{"name":"firestore"},"message":"Oct 25, 2025 12:34:34 PM io.gapi.emulators.netty.HttpVersionRoutingHandler channelRead\nINFO: Detected non-HTTP/2 connection.\n"}}
[debug] [2025-10-25T16:34:34.747Z] Oct 25, 2025 12:34:34 PM io.gapi.emulators.netty.HttpVersionRoutingHandler channelRead
INFO: Detected non-HTTP/2 connection.
 {"metadata":{"emulator":{"name":"firestore"},"message":"Oct 25, 2025 12:34:34 PM io.gapi.emulators.netty.HttpVersionRoutingHandler channelRead\nINFO: Detected non-HTTP/2 connection.\n"}}
[debug] [2025-10-25T16:35:13.224Z] Oct 25, 2025 12:35:13 PM io.gapi.emulators.netty.HttpVersionRoutingHandler channelRead
INFO: Detected non-HTTP/2 connection.
 {"metadata":{"emulator":{"name":"firestore"},"message":"Oct 25, 2025 12:35:13 PM io.gapi.emulators.netty.HttpVersionRoutingHandler channelRead\nINFO: Detected non-HTTP/2 connection.\n"}}
[debug] [2025-10-25T16:35:13.253Z] Oct 25, 2025 12:35:13 PM io.gapi.emulators.netty.HttpVersionRoutingHandler channelRead
INFO: Detected non-HTTP/2 connection.
 {"metadata":{"emulator":{"name":"firestore"},"message":"Oct 25, 2025 12:35:13 PM io.gapi.emulators.netty.HttpVersionRoutingHandler channelRead\nINFO: Detected non-HTTP/2 connection.\n"}}
